<?xml version="1.0" encoding="UTF-8"?>
<testsuite xmlns:xsi="http://www.w3.org/2001/XMLSchema-instance" xsi:noNamespaceSchemaLocation="https://maven.apache.org/surefire/maven-surefire-plugin/xsd/surefire-test-report-3.0.xsd" version="3.0" name="driverFactory.AppTest" time="45.49" tests="1" errors="0" skipped="0" failures="0">
  <properties>
[...]
</properties>
  <testcase name="startTest" classname="driverFactory.AppTest" time="39.132">
    <system-out><![CDATA[[Configuration] [WARN] Detected a static method [config.AppUtil.setUp()]. Static configuration methods can cause  unexpected behavior.
[Configuration] [WARN] Detected a static method [config.AppUtil.tearDown()]. Static configuration methods can cause  unexpected behavior.
No of rows in TCSheet::4  No of rows in TSSheet::18
Login Success::adminflow     http://primusbank.qedgetech.com/adminflow.aspx
Logout Success
Login Success::adminflow     http://primusbank.qedgetech.com/adminflow.aspx
New Branch with id 1440 created Sucessfully
Logout Success
Login Success::adminflow     http://primusbank.qedgetech.com/adminflow.aspx
Branch updated Sucessfully
Logout Success
]]></system-out>
    <system-err><![CDATA[Starting ChromeDriver 112.0.5615.49 (bd2a7bcb881c11e8cfe3078709382934e3916914-refs/branch-heads/5615@{#936}) on port 63712
Only local connections are allowed.
Please see https://chromedriver.chromium.org/security-considerations for suggestions on keeping ChromeDriver safe.
ChromeDriver was started successfully.
Apr 25, 2023 1:15:12 PM org.openqa.selenium.remote.ProtocolHandshake createSession
INFO: Detected dialect: W3C
]]></system-err>
  </testcase>
</testsuite>