<?xml version="1.0" encoding="UTF-8"?>
<testng-results ignored="0" total="1" passed="1" failed="0" skipped="0">
  <reporter-output>
    <line>
      <![CDATA[No of rows in TCSheet::4  No of rows in TSSheet::18]]>
    </line>
    <line>
      <![CDATA[Login Success::adminflow     http://primusbank.qedgetech.com/adminflow.aspx]]>
    </line>
    <line>
      <![CDATA[Logout Success]]>
    </line>
    <line>
      <![CDATA[Login Success::adminflow     http://primusbank.qedgetech.com/adminflow.aspx]]>
    </line>
    <line>
      <![CDATA[New Branch with id 1440 created Sucessfully]]>
    </line>
    <line>
      <![CDATA[Logout Success]]>
    </line>
    <line>
      <![CDATA[Login Success::adminflow     http://primusbank.qedgetech.com/adminflow.aspx]]>
    </line>
    <line>
      <![CDATA[Branch updated Sucessfully]]>
    </line>
    <line>
      <![CDATA[Logout Success]]>
    </line>
  </reporter-output>
  <suite started-at="2023-04-25T13:15:14 IST" name="Surefire suite" finished-at="2023-04-25T13:15:53 IST" duration-ms="39132">
    <groups>
    </groups>
    <test started-at="2023-04-25T13:15:14 IST" name="Surefire test" finished-at="2023-04-25T13:15:53 IST" duration-ms="39132">
      <class name="driverFactory.AppTest">
        <test-method is-config="true" signature="setUp()[pri:0, instance:driverFactory.AppTest@ed7f8b4]" started-at="2023-04-25T13:15:09 IST" name="setUp" finished-at="2023-04-25T13:15:14 IST" duration-ms="5480" status="PASS">
          <reporter-output>
          </reporter-output>
        </test-method> <!-- setUp -->
        <test-method signature="startTest()[pri:0, instance:driverFactory.AppTest@ed7f8b4]" started-at="2023-04-25T13:15:14 IST" name="startTest" finished-at="2023-04-25T13:15:53 IST" duration-ms="39116" status="PASS">
          <reporter-output>
            <line>
              <![CDATA[No of rows in TCSheet::4  No of rows in TSSheet::18]]>
            </line>
            <line>
              <![CDATA[Login Success::adminflow     http://primusbank.qedgetech.com/adminflow.aspx]]>
            </line>
            <line>
              <![CDATA[Logout Success]]>
            </line>
            <line>
              <![CDATA[Login Success::adminflow     http://primusbank.qedgetech.com/adminflow.aspx]]>
            </line>
            <line>
              <![CDATA[New Branch with id 1440 created Sucessfully]]>
            </line>
            <line>
              <![CDATA[Logout Success]]>
            </line>
            <line>
              <![CDATA[Login Success::adminflow     http://primusbank.qedgetech.com/adminflow.aspx]]>
            </line>
            <line>
              <![CDATA[Branch updated Sucessfully]]>
            </line>
            <line>
              <![CDATA[Logout Success]]>
            </line>
          </reporter-output>
        </test-method> <!-- startTest -->
        <test-method is-config="true" signature="tearDown()[pri:0, instance:driverFactory.AppTest@ed7f8b4]" started-at="2023-04-25T13:15:53 IST" name="tearDown" finished-at="2023-04-25T13:15:54 IST" duration-ms="321" status="PASS">
          <reporter-output>
          </reporter-output>
        </test-method> <!-- tearDown -->
      </class> <!-- driverFactory.AppTest -->
    </test> <!-- Surefire test -->
  </suite> <!-- Surefire suite -->
</testng-results>
